<?xml version="1.0" encoding="UTF-8"?>
<!-- Generated by org.testng.reporters.JUnitXMLReporter -->
<testsuite ignored="0" hostname="Justins-MacBook-Pro.local" failures="0" tests="3" name="Default test" time="27.033" errors="0" timestamp="2024-07-26T15:21:04 EDT">
  <testcase classname="com.justinbett.ecommerce_demo_test.ItemSearch" name="search" time="2.708"/>
  <testcase classname="com.justinbett.ecommerce_demo_test.ItemSearch" name="addSearch" time="4.676"/>
  <testcase classname="com.justinbett.ecommerce_demo_test.ItemSearch" name="guestCheckout" time="8.057"/>
</testsuite> <!-- Default test -->
