<?xml version="1.0" encoding="UTF-8"?>
<!-- Generated by org.testng.reporters.JUnitXMLReporter -->
<testsuite ignored="0" hostname="MSI" failures="0" tests="3" name="Default test" time="15.589" errors="0" timestamp="2024-03-19T09:50:29 EDT">
  <testcase classname="com.justinbett.ecommerce_demo_test.ItemSearch" name="search" time="1.646"/>
  <testcase classname="com.justinbett.ecommerce_demo_test.ItemSearch" name="addSearch" time="2.911"/>
  <testcase classname="com.justinbett.ecommerce_demo_test.ItemSearch" name="guestCheckout" time="7.439"/>
</testsuite> <!-- Default test -->
