<?xml version="1.0" encoding="UTF-8"?>
<testng-results ignored="0" total="1" passed="1" failed="0" skipped="0">
  <reporter-output>
  </reporter-output>
  <suite started-at="2024-02-14T08:36:32 EST" name="Default suite" finished-at="2024-02-14T08:36:36 EST" duration-ms="3439">
    <groups>
    </groups>
    <test started-at="2024-02-14T08:36:32 EST" name="Default test" finished-at="2024-02-14T08:36:36 EST" duration-ms="3439">
      <class name="com.justinbett.ecommerce_demo_test.InitialTest">
        <test-method is-config="true" signature="setup()[pri:0, instance:com.justinbett.ecommerce_demo_test.InitialTest@661972b0]" started-at="2024-02-14T08:36:32 EST" name="setup" finished-at="2024-02-14T08:36:35 EST" duration-ms="2581" status="PASS">
          <reporter-output>
          </reporter-output>
        </test-method> <!-- setup -->
        <test-method signature="initialTest()[pri:0, instance:com.justinbett.ecommerce_demo_test.InitialTest@661972b0]" started-at="2024-02-14T08:36:35 EST" name="initialTest" finished-at="2024-02-14T08:36:36 EST" duration-ms="682" status="PASS">
          <reporter-output>
          </reporter-output>
        </test-method> <!-- initialTest -->
        <test-method is-config="true" signature="cleanup()[pri:0, instance:com.justinbett.ecommerce_demo_test.InitialTest@661972b0]" started-at="2024-02-14T08:36:36 EST" name="cleanup" finished-at="2024-02-14T08:36:36 EST" duration-ms="151" status="PASS">
          <reporter-output>
          </reporter-output>
        </test-method> <!-- cleanup -->
      </class> <!-- com.justinbett.ecommerce_demo_test.InitialTest -->
    </test> <!-- Default test -->
  </suite> <!-- Default suite -->
</testng-results>
