<?xml version="1.0" encoding="UTF-8"?>
<testng-results ignored="0" total="2" passed="2" failed="0" skipped="0">
  <reporter-output>
  </reporter-output>
  <suite started-at="2024-02-27T09:22:42 EST" name="Default suite" finished-at="2024-02-27T09:22:57 EST" duration-ms="14129">
    <groups>
    </groups>
    <test started-at="2024-02-27T09:22:42 EST" name="Default test" finished-at="2024-02-27T09:22:57 EST" duration-ms="14129">
      <class name="com.justinbett.ecommerce_demo_test.ItemSearchAdd">
        <test-method is-config="true" signature="setup()[pri:0, instance:com.justinbett.ecommerce_demo_test.ItemSearchAdd@158da8e]" started-at="2024-02-27T09:22:42 EST" name="setup" finished-at="2024-02-27T09:22:45 EST" duration-ms="2589" status="PASS">
          <reporter-output>
          </reporter-output>
        </test-method> <!-- setup -->
        <test-method signature="search1()[pri:0, instance:com.justinbett.ecommerce_demo_test.ItemSearchAdd@158da8e]" started-at="2024-02-27T09:22:45 EST" name="search1" finished-at="2024-02-27T09:22:47 EST" duration-ms="1460" status="PASS">
          <reporter-output>
          </reporter-output>
        </test-method> <!-- search1 -->
        <test-method signature="addSearch1()[pri:0, instance:com.justinbett.ecommerce_demo_test.ItemSearchAdd@158da8e]" started-at="2024-02-27T09:22:47 EST" name="addSearch1" finished-at="2024-02-27T09:22:56 EST" depends-on-methods="com.justinbett.ecommerce_demo_test.ItemSearchAdd.search1" duration-ms="9857" status="PASS">
          <reporter-output>
          </reporter-output>
        </test-method> <!-- addSearch1 -->
        <test-method is-config="true" signature="cleanup()[pri:0, instance:com.justinbett.ecommerce_demo_test.ItemSearchAdd@158da8e]" started-at="2024-02-27T09:22:56 EST" name="cleanup" finished-at="2024-02-27T09:22:57 EST" duration-ms="185" status="PASS">
          <reporter-output>
          </reporter-output>
        </test-method> <!-- cleanup -->
      </class> <!-- com.justinbett.ecommerce_demo_test.ItemSearchAdd -->
    </test> <!-- Default test -->
  </suite> <!-- Default suite -->
</testng-results>
