<?xml version="1.0" encoding="UTF-8"?>
<!-- Generated by org.testng.reporters.JUnitXMLReporter -->
<testsuite ignored="0" hostname="MSI" failures="0" tests="2" name="Account Sign In and Out" time="7.1" errors="0" timestamp="2024-03-19T09:45:29 EDT">
  <testcase classname="com.justinbett.ecommerce_demo_test.AccountSignInOut" name="signIn" time="2.313"/>
  <testcase classname="com.justinbett.ecommerce_demo_test.AccountSignInOut" name="signOut" time="1.323"/>
</testsuite> <!-- Account Sign In and Out -->
