<?xml version="1.0" encoding="UTF-8"?>
<!-- Generated by org.testng.reporters.JUnitXMLReporter -->
<testsuite ignored="0" hostname="MSI" failures="0" tests="2" name="Account Sign In and Out" time="9.144" errors="0" timestamp="2024-03-11T10:32:38 EDT">
  <testcase classname="com.justinbett.ecommerce_demo_test.AccountSignInOut" name="signIn" time="2.485"/>
  <testcase classname="com.justinbett.ecommerce_demo_test.AccountSignInOut" name="signOut" time="2.906"/>
</testsuite> <!-- Account Sign In and Out -->
