<?xml version="1.0" encoding="UTF-8"?>
<!-- Generated by org.testng.reporters.JUnitXMLReporter -->
<testsuite ignored="0" hostname="MSI" failures="0" tests="3" name="Item Search" time="15.108" errors="0" timestamp="2024-03-19T09:45:44 EDT">
  <testcase classname="com.justinbett.ecommerce_demo_test.ItemSearch" name="search" time="2.532"/>
  <testcase classname="com.justinbett.ecommerce_demo_test.ItemSearch" name="addSearch" time="2.83"/>
  <testcase classname="com.justinbett.ecommerce_demo_test.ItemSearch" name="guestCheckout" time="7.314"/>
</testsuite> <!-- Item Search -->
