<?xml version="1.0" encoding="UTF-8"?>
<!-- Generated by org.testng.reporters.JUnitXMLReporter -->
<testsuite ignored="0" hostname="MSI" failures="0" tests="3" name="Promo Test" time="22.26" errors="0" timestamp="2024-03-19T09:45:52 EDT">
  <testcase classname="com.justinbett.ecommerce_demo_test.PromoTest" name="promoAdd" time="9.642"/>
  <testcase classname="com.justinbett.ecommerce_demo_test.PromoTest" name="promoCheckoutLogin" time="5.355"/>
  <testcase classname="com.justinbett.ecommerce_demo_test.PromoTest" name="promoCheckout" time="4.943"/>
</testsuite> <!-- Promo Test -->
